16:34:11.546 INFO  Connected to MongoDB 
16:35:48.706 INFO  Connected to MongoDB 
16:35:57.379 INFO  Connected to MongoDB 
16:36:27.571 INFO  Connected to MongoDB 
16:36:32.988 INFO  Connected to MongoDB 
16:37:05.733 INFO  Connected to MongoDB 
16:37:41.480 INFO  Connected to MongoDB 
16:38:23.087 INFO  Connected to MongoDB 
16:38:28.848 INFO  Connected to MongoDB 
16:38:39.590 INFO  Connected to MongoDB 
16:39:22.379 ERROR Error connecting to MongoDBquerySrv ENOTFOUND _mongodb._tcp.atlascluster.dq4ajl.mongodb.net
{"code":"ENOTFOUND","syscall":"querySrv","hostname":"_mongodb._tcp.atlascluster.dq4ajl.mongodb.net"}
Error: querySrv ENOTFOUND _mongodb._tcp.atlascluster.dq4ajl.mongodb.net
    at QueryReqWrap.onresolve [as oncomplete] (node:internal/dns/promises:251:17) 
16:39:42.705 INFO  Connected to MongoDB 
16:40:56.642 INFO  Connected to MongoDB 
16:41:11.482 INFO  Connected to MongoDB 
16:41:16.790 INFO  logged in{"username":"test"} 
19:11:56.648 INFO  logged in{"username":"user2"} 
20:33:46.142 INFO  Connected to MongoDB 
20:34:05.920 INFO  Connected to MongoDB 
20:34:12.096 INFO  Connected to MongoDB 
20:50:53.000 INFO  Connected to MongoDB 
20:51:11.054 INFO  logged in{"username":"wojtekGola"} 
20:52:07.815 INFO  Connected to MongoDB 
20:52:34.945 INFO  Connected to MongoDB 
20:53:19.713 INFO  Connected to MongoDB 
20:53:45.127 INFO  Connected to MongoDB 
20:54:34.443 INFO  Connected to MongoDB 
20:56:41.164 INFO  Connected to MongoDB 
20:59:41.184 INFO  logged in{"username":"wojtekGola"} 
21:01:54.667 INFO  logged in{"username":"test"} 
21:23:49.549 INFO  Connected to MongoDB 
21:24:29.707 INFO  Connected to MongoDB 
21:24:43.335 INFO  Connected to MongoDB 
21:24:51.610 INFO  test 
21:25:44.163 INFO  Connected to MongoDB 
21:26:04.243 INFO  testdeleted a post 
21:27:00.735 INFO  Connected to MongoDB 
21:27:41.665 INFO  Connected to MongoDB 
21:27:42.896 INFO  user: test updated a post 
21:28:27.423 INFO  Connected to MongoDB 
21:28:35.114 INFO  user: test created a post + 63dacb73aad020929477488c 
21:52:29.616 INFO  Connected to MongoDB 
21:52:45.142 INFO  Connected to MongoDB 
21:53:06.162 INFO  Connected to MongoDB 
21:53:38.733 INFO  Connected to MongoDB 
21:54:24.069 INFO  Connected to MongoDB 
21:55:15.514 INFO  Connected to MongoDB 
21:55:38.463 INFO  Connected to MongoDB 
21:56:21.653 INFO  Connected to MongoDB 
21:56:49.058 INFO  Connected to MongoDB 
21:57:17.821 INFO  Connected to MongoDB 
21:57:50.991 INFO  Connected to MongoDB 
21:58:22.137 INFO  Connected to MongoDB 
21:59:21.407 INFO  Connected to MongoDB 
22:01:18.436 INFO  Connected to MongoDB 
22:30:17.418 INFO  Connected to MongoDB 
22:38:08.203 INFO  Connected to MongoDB 
22:39:05.687 INFO  Connected to MongoDB 
22:39:36.982 INFO  Connected to MongoDB 
22:39:51.000 INFO  Connected to MongoDB 
22:41:12.438 INFO  Connected to MongoDB 
22:41:32.531 INFO  Connected to MongoDB 
22:41:44.829 INFO  Connected to MongoDB 
22:42:10.559 INFO  Connected to MongoDB 
22:42:43.635 INFO  Connected to MongoDB 
22:45:33.741 INFO  Connected to MongoDB 
22:49:53.708 INFO  Connected to MongoDB 
22:51:13.668 INFO  Connected to MongoDB 
22:51:38.236 INFO  Connected to MongoDB 
22:55:09.791 INFO  Connected to MongoDB 
22:59:31.725 INFO  Connected to MongoDB 
23:00:16.079 INFO  Connected to MongoDB 
23:02:48.613 INFO  Connected to MongoDB 
23:04:30.995 INFO  Connected to MongoDB 
23:04:40.743 INFO  logged in{"username":"user2"} 
23:08:55.495 INFO  Connected to MongoDB 
23:09:30.612 INFO  Connected to MongoDB 
23:10:40.899 INFO  Connected to MongoDB 
23:13:01.443 INFO  Connected to MongoDB 
23:15:56.581 INFO  Connected to MongoDB 
23:23:56.992 INFO  Connected to MongoDB 
23:23:59.195 INFO  logged in{"username":"test2"} 
23:24:17.923 INFO  user: test2 created a post + 63dae691ad0a9208844eb37c 
23:24:24.589 INFO  user: test2 updated a post 
23:27:20.665 INFO  Connected to MongoDB 
23:29:23.746 INFO  Connected to MongoDB 
23:36:07.812 INFO  Server is running on port 3001 
23:36:08.436 INFO  Connected to MongoDB 
23:38:46.560 INFO  Server is running on port 3001 
23:38:52.607 INFO  Connected to MongoDB 
23:47:21.310 INFO  Server is running on port 3001 
23:47:21.934 INFO  Connected to MongoDB 
23:52:51.907 INFO  Server is running on port 3001 
23:52:52.768 INFO  Connected to MongoDB 
